build/app/outputs/mapping/release/seeds.txt
com.example.wyd_front.MainActivity
com.example.wyd_front.MainActivity: MainActivity()
...
com.google.android.recaptcha.internal.zzkt: void zzj(int)
com.google.android.gms.internal.auth.zzhq: zzhq(com.google.android.gms.internal.auth.zzhp)
com.google.android.gms.internal.auth.zzaz: void writeToParcel(android.os.Parcel,int)
com.google.android.gms.internal.firebase-auth-api.zzim: boolean zza()
com.google.android.gms.internal.common.zzag: boolean equals(java.lang.Object)
com.google.android.recaptcha.internal.zzgt: zzgt(com.google.android.recaptcha.internal.zzgv,java.lang.String,kotlin.coroutines.Continuation)
com.google.android.recaptcha.internal.zzma: int zzp(java.lang.Object,long)
com.google.android.gms.tasks.zzab: zzab(java.util.Collection)
com.google.android.recaptcha.internal.zzmj: int zzf()
com.google.android.recaptcha.internal.zze: java.lang.Object zzd(java.lang.String,kotlin.coroutines.Continuation)
com.google.android.gms.internal.firebase-auth-api.zzakt: zzakt()
com.google.android.gms.internal.firebase-auth-api.zzalg: java.lang.Object zza()
com.google.android.gms.internal.firebase-auth-api.zzdg: zzdg(int,int,int,int,com.google.android.gms.internal.firebase-auth-api.zzdg$zzb,com.google.android.gms.internal.firebase-auth-api.zzdg$zzc,com.google.android.gms.internal.firebase-auth-api.zzdi)
com.google.android.gms.internal.firebase-auth-api.zzyh: zzyh(com.google.android.gms.internal.firebase-auth-api.zzyl,com.google.android.gms.internal.firebase-auth-api.zzyi)
com.google.android.recaptcha.internal.zzmb: void zzg(java.lang.Object,java.lang.Object)
com.google.android.gms.internal.firebase-auth-api.zzami$zza: com.google.android.gms.internal.firebase-auth-api.zzami$zza zza(int)
androidx.window.layout.adapter.sidecar.DistinctElementSidecarCallback: void onWindowLayoutChanged(android.os.IBinder,androidx.window.sidecar.SidecarWindowLayoutInfo)
com.google.android.gms.internal.firebase-auth-api.zzak: boolean add(java.lang.Object)
com.google.android.gms.internal.firebase-auth-api.zzpi: java.util.Map zza(com.google.android.gms.internal.firebase-auth-api.zzpi)
com.google.android.recaptcha.internal.zza: java.lang.Object invokeSuspend(java.lang.Object)
com.google.android.gms.internal.firebase-auth-api.zzacg: void zza(com.google.android.gms.tasks.TaskCompletionSource,com.google.android.gms.internal.firebase-auth-api.zzadh)
kotlin.collections.IntIterator: IntIterator()
com.google.android.recaptcha.internal.zzmm: int zze(java.util.List)
com.google.android.gms.internal.firebase-auth-api.zzagx: com.google.android.gms.internal.firebase-auth-api.zzagx zzb(java.lang.String)
com.google.android.recaptcha.internal.zzar: kotlinx.coroutines.selects.SelectClause1 getOnAwait()
com.google.android.gms.tasks.zzw: zzw()
com.google.android.gms.internal.firebase-auth-api.zztf$zza: zztf$zza(com.google.android.gms.internal.firebase-auth-api.zztj)
com.google.android.gms.internal.firebase-auth-api.zzmj: java.math.BigInteger zza(byte[])
com.google.android.gms.internal.firebase-auth-api.zzqz: zzqz()
io.grpc.ChannelLogger: ChannelLogger()
com.google.android.gms.internal.firebase-auth-api.zzajy: int zzi()
com.google.android.gms.internal.firebase-auth-api.zzxt: byte[] zza(byte[],byte[])
androidx.collection.LruCache: java.lang.Object create(java.lang.Object)
com.google.android.gms.internal.fido.zzcb: void remove()
androidx.vectordrawable.graphics.drawable.VectorDrawableCompat$VPathRenderer: float getAlpha()
com.google.android.gms.internal.firebase-auth-api.zzajf: java.lang.String zzq()
com.dexterous.flutterlocalnotifications.models.styles.StyleInformation: StyleInformation()
com.google.android.recaptcha.internal.zzke: void zzg(com.google.android.recaptcha.internal.zzmj,java.lang.Object,com.google.android.recaptcha.internal.zzkd,com.google.android.recaptcha.internal.zzki)
com.google.android.gms.internal.base.zaf: zaf(com.google.android.gms.internal.base.zae)
com.google.android.recaptcha.internal.zzor: com.google.android.recaptcha.internal.zzor zzp(com.google.android.recaptcha.internal.zzop)