build/app/outputs/mapping/release/usage.txt
com.example.wyd_front.BuildConfig
com.example.wyd_front.R$anim
com.example.wyd_front.R$animator
com.example.wyd_front.R$attr
com.example.wyd_front.R$bool
com.example.wyd_front.R$color
com.example.wyd_front.R$dimen
com.example.wyd_front.R$drawable
com.example.wyd_front.R$id
com.example.wyd_front.R$integer
com.example.wyd_front.R$interpolator
com.example.wyd_front.R$layout
com.example.wyd_front.R$mipmap
com.example.wyd_front.R$raw
com.example.wyd_front.R$string
com.example.wyd_front.R$style
com.example.wyd_front.R$styleable
com.example.wyd_front.R$xml
com.example.wyd_front.R
...
com.google.firebase.firestore.util.AsyncQueue:
    public boolean containsDelayedTask(com.google.firebase.firestore.util.AsyncQueue$TimerId)
    private static synthetic int lambda$runDelayedTasksUntil$5(com.google.firebase.firestore.util.AsyncQueue$DelayedTask,com.google.firebase.firestore.util.AsyncQueue$DelayedTask)
    private synthetic void lambda$runDelayedTasksUntil$6(com.google.firebase.firestore.util.AsyncQueue$TimerId)
    private static synthetic void lambda$runSync$4(java.lang.Runnable,java.lang.Throwable[],java.util.concurrent.Semaphore)
    public void runDelayedTasksUntil(com.google.firebase.firestore.util.AsyncQueue$TimerId)
    public void runSync(java.lang.Runnable)
    public void skipDelaysForTimerId(com.google.firebase.firestore.util.AsyncQueue$TimerId)
com.google.firebase.firestore.util.ByteBufferInputStream
com.google.firebase.firestore.util.CustomClassMapper$BeanMapper:
    static synthetic java.lang.Class access$100(com.google.firebase.firestore.util.CustomClassMapper$BeanMapper)
    java.lang.Object deserialize(java.util.Map,com.google.firebase.firestore.util.CustomClassMapper$DeserializeContext)
    java.lang.Object deserialize(java.util.Map,java.util.Map,com.google.firebase.firestore.util.CustomClassMapper$DeserializeContext)
    private void populateDocumentIdProperties(java.util.Map,com.google.firebase.firestore.util.CustomClassMapper$DeserializeContext,java.lang.Object,java.util.HashSet)
    private java.lang.reflect.Type resolveType(java.lang.reflect.Type,java.util.Map)
com.google.firebase.firestore.util.CustomClassMapper$DeserializeContext
com.google.firebase.firestore.util.CustomClassMapper:
    private static final int MAX_DEPTH
    public void <init>()
    static synthetic java.lang.RuntimeException access$200(com.google.firebase.firestore.util.CustomClassMapper$ErrorPath,java.lang.String)
    static synthetic java.lang.Object access$300(java.lang.Object,java.lang.reflect.Type,com.google.firebase.firestore.util.CustomClassMapper$DeserializeContext)
    private static java.lang.Object convertBean(java.lang.Object,java.lang.Class,com.google.firebase.firestore.util.CustomClassMapper$DeserializeContext)
    private static com.google.firebase.firestore.Blob convertBlob(java.lang.Object,com.google.firebase.firestore.util.CustomClassMapper$DeserializeContext)
    private static java.lang.Boolean convertBoolean(java.lang.Object,com.google.firebase.firestore.util.CustomClassMapper$DeserializeContext)
    private static java.util.Date convertDate(java.lang.Object,com.google.firebase.firestore.util.CustomClassMapper$DeserializeContext)
    private static com.google.firebase.firestore.DocumentReference convertDocumentReference(java.lang.Object,com.google.firebase.firestore.util.CustomClassMapper$DeserializeContext)
    private static java.lang.Double convertDouble(java.lang.Object,com.google.firebase.firestore.util.CustomClassMapper$DeserializeContext)
com.google.firebase.firestore.util.Executors:
    private static final int ASYNC_THREAD_POOL_MAXIMUM_CONCURRENCY
    private void <init>()
com.google.firebase.firestore.util.ExponentialBackoff:
    public static final double DEFAULT_BACKOFF_FACTOR
    public static final long DEFAULT_BACKOFF_INITIAL_DELAY_MS
    public static final long DEFAULT_BACKOFF_MAX_DELAY_MS
com.google.firebase.firestore.util.FileUtil$DefaultFileDeleter:
    private void <init>()
com.google.firebase.firestore.util.FileUtil$LegacyFileDeleter:
    private void <init>()
com.google.firebase.firestore.util.FileUtil:
    public void <init>()
com.google.firebase.firestore.util.Function:
    public abstract boolean equals(java.lang.Object)
com.google.firebase.firestore.util.Logger:
    public void <init>()
com.google.firebase.firestore.util.LogicUtils:
    public void <init>()
com.google.firebase.firestore.util.Preconditions:
    public void <init>()
    public static void checkState(boolean)
com.google.firebase.firestore.util.Util$1